INFO - 2024-01-15 05:11:04 --> Session: Class initialized using 'CodeIgniter\Session\Handlers\FileHandler' driver.
INFO - 2024-01-15 05:11:06 --> Session: Class initialized using 'CodeIgniter\Session\Handlers\FileHandler' driver.
INFO - 2024-01-15 05:11:15 --> Session: Class initialized using 'CodeIgniter\Session\Handlers\FileHandler' driver.
INFO - 2024-01-15 05:11:17 --> Session: Class initialized using 'CodeIgniter\Session\Handlers\FileHandler' driver.
INFO - 2024-01-15 05:11:23 --> Session: Class initialized using 'CodeIgniter\Session\Handlers\FileHandler' driver.
INFO - 2024-01-15 05:12:00 --> Session: Class initialized using 'CodeIgniter\Session\Handlers\FileHandler' driver.
INFO - 2024-01-15 05:12:01 --> Session: Class initialized using 'CodeIgniter\Session\Handlers\FileHandler' driver.
INFO - 2024-01-15 05:13:27 --> Session: Class initialized using 'CodeIgniter\Session\Handlers\FileHandler' driver.
ERROR - 2024-01-15 05:13:27 --> mysqli_sql_exception: Unknown column 'status' in 'field list' in C:\Users\lenovo\OneDrive\Desktop\Sistem-Informasi-Masjid\system\Database\MySQLi\Connection.php:306
Stack trace:
#0 C:\Users\lenovo\OneDrive\Desktop\Sistem-Informasi-Masjid\system\Database\MySQLi\Connection.php(306): mysqli->query('SELECT `id_kas_...', 0)
#1 C:\Users\lenovo\OneDrive\Desktop\Sistem-Informasi-Masjid\system\Database\BaseConnection.php(692): CodeIgniter\Database\MySQLi\Connection->execute('SELECT `id_kas_...')
#2 C:\Users\lenovo\OneDrive\Desktop\Sistem-Informasi-Masjid\system\Database\BaseConnection.php(606): CodeIgniter\Database\BaseConnection->simpleQuery('SELECT `id_kas_...')
#3 C:\Users\lenovo\OneDrive\Desktop\Sistem-Informasi-Masjid\system\Database\BaseBuilder.php(1615): CodeIgniter\Database\BaseConnection->query('SELECT `id_kas_...', Array, false)
#4 C:\Users\lenovo\OneDrive\Desktop\Sistem-Informasi-Masjid\app\Models\ModelKasMasuk.php(18): CodeIgniter\Database\BaseBuilder->get()
#5 C:\Users\lenovo\OneDrive\Desktop\Sistem-Informasi-Masjid\app\Controllers\Kasmasuk.php(16): App\Models\ModelKasMasuk->getKasmasuk()
#6 C:\Users\lenovo\OneDrive\Desktop\Sistem-Informasi-Masjid\system\CodeIgniter.php(919): App\Controllers\Kasmasuk->index()
#7 C:\Users\lenovo\OneDrive\Desktop\Sistem-Informasi-Masjid\system\CodeIgniter.php(494): CodeIgniter\CodeIgniter->runController(Object(App\Controllers\Kasmasuk))
#8 C:\Users\lenovo\OneDrive\Desktop\Sistem-Informasi-Masjid\system\CodeIgniter.php(353): CodeIgniter\CodeIgniter->handleRequest(NULL, Object(Config\Cache), false)
#9 C:\Users\lenovo\OneDrive\Desktop\Sistem-Informasi-Masjid\public\index.php(79): CodeIgniter\CodeIgniter->run()
#10 C:\Users\lenovo\OneDrive\Desktop\Sistem-Informasi-Masjid\system\Commands\Server\rewrite.php(47): require_once('C:\\Users\\lenovo...')
#11 {main}
CRITICAL - 2024-01-15 05:13:27 --> Unknown column 'status' in 'field list'
in SYSTEMPATH\Database\BaseConnection.php on line 646.
 1 SYSTEMPATH\Database\BaseBuilder.php(1615): CodeIgniter\Database\BaseConnection->query('SELECT `id_kas_masjid`, `tanggal`, `iddonatur`, `nama`, `ket`, `kas_masuk`, `jenis_kas`, `status`
FROM `tbl_kas_masjid`
JOIN `tbl_donatur` ON `tbl_kas_masjid`.`iddonaturmasjid` = `tbl_donatur`.`iddonatur`', [], false)
 2 APPPATH\Models\ModelKasMasuk.php(18): CodeIgniter\Database\BaseBuilder->get()
 3 APPPATH\Controllers\Kasmasuk.php(16): App\Models\ModelKasMasuk->getKasmasuk()
 4 SYSTEMPATH\CodeIgniter.php(919): App\Controllers\Kasmasuk->index()
 5 SYSTEMPATH\CodeIgniter.php(494): CodeIgniter\CodeIgniter->runController(Object(App\Controllers\Kasmasuk))
 6 SYSTEMPATH\CodeIgniter.php(353): CodeIgniter\CodeIgniter->handleRequest(null, Object(Config\Cache), false)
 7 FCPATH\index.php(79): CodeIgniter\CodeIgniter->run()
 8 SYSTEMPATH\Commands\Server\rewrite.php(47): require_once('C:\\Users\\lenovo\\OneDrive\\Desktop\\Sistem-Informasi-Masjid\\public\\index.php')
INFO - 2024-01-15 05:14:32 --> Session: Class initialized using 'CodeIgniter\Session\Handlers\FileHandler' driver.
INFO - 2024-01-15 05:15:03 --> Session: Class initialized using 'CodeIgniter\Session\Handlers\FileHandler' driver.
INFO - 2024-01-15 05:15:03 --> Session: Class initialized using 'CodeIgniter\Session\Handlers\FileHandler' driver.
CRITICAL - 2024-01-15 05:15:03 --> Undefined array key "status"
in APPPATH\Views\kasmasjid\v_kasmasuk.php on line 65.
 1 APPPATH\Views\kasmasjid\v_kasmasuk.php(65): CodeIgniter\Debug\Exceptions->errorHandler(2, 'Undefined array key "status"', 'C:\\Users\\lenovo\\OneDrive\\Desktop\\Sistem-Informasi-Masjid\\app\\Views\\kasmasjid\\v_kasmasuk.php', 65)
 2 SYSTEMPATH\View\View.php(226): include('C:\\Users\\lenovo\\OneDrive\\Desktop\\Sistem-Informasi-Masjid\\app\\Views\\kasmasjid\\v_kasmasuk.php')
 3 SYSTEMPATH\View\View.php(229): CodeIgniter\View\View->CodeIgniter\View\{closure}()
 4 SYSTEMPATH\Common.php(1188): CodeIgniter\View\View->render('kasmasjid/v_kasmasuk', [], true)
 5 APPPATH\Controllers\Kasmasuk.php(18): view('kasmasjid/v_kasmasuk', [...])
 6 SYSTEMPATH\CodeIgniter.php(919): App\Controllers\Kasmasuk->index()
 7 SYSTEMPATH\CodeIgniter.php(494): CodeIgniter\CodeIgniter->runController(Object(App\Controllers\Kasmasuk))
 8 SYSTEMPATH\CodeIgniter.php(353): CodeIgniter\CodeIgniter->handleRequest(null, Object(Config\Cache), false)
 9 FCPATH\index.php(79): CodeIgniter\CodeIgniter->run()
10 SYSTEMPATH\Commands\Server\rewrite.php(47): require_once('C:\\Users\\lenovo\\OneDrive\\Desktop\\Sistem-Informasi-Masjid\\public\\index.php')
INFO - 2024-01-15 05:16:00 --> Session: Class initialized using 'CodeIgniter\Session\Handlers\FileHandler' driver.
INFO - 2024-01-15 05:16:18 --> Session: Class initialized using 'CodeIgniter\Session\Handlers\FileHandler' driver.
INFO - 2024-01-15 05:16:52 --> Session: Class initialized using 'CodeIgniter\Session\Handlers\FileHandler' driver.
INFO - 2024-01-15 05:16:52 --> Session: Class initialized using 'CodeIgniter\Session\Handlers\FileHandler' driver.
INFO - 2024-01-15 05:16:59 --> Session: Class initialized using 'CodeIgniter\Session\Handlers\FileHandler' driver.
INFO - 2024-01-15 05:18:58 --> Session: Class initialized using 'CodeIgniter\Session\Handlers\FileHandler' driver.
ERROR - 2024-01-15 05:18:58 --> mysqli_sql_exception: Table 'dbdigitalmasjid.tbl_kaskeluar' doesn't exist in C:\Users\lenovo\OneDrive\Desktop\Sistem-Informasi-Masjid\system\Database\MySQLi\Connection.php:306
Stack trace:
#0 C:\Users\lenovo\OneDrive\Desktop\Sistem-Informasi-Masjid\system\Database\MySQLi\Connection.php(306): mysqli->query('SELECT *\nFROM `...', 0)
#1 C:\Users\lenovo\OneDrive\Desktop\Sistem-Informasi-Masjid\system\Database\BaseConnection.php(692): CodeIgniter\Database\MySQLi\Connection->execute('SELECT *\nFROM `...')
#2 C:\Users\lenovo\OneDrive\Desktop\Sistem-Informasi-Masjid\system\Database\BaseConnection.php(606): CodeIgniter\Database\BaseConnection->simpleQuery('SELECT *\nFROM `...')
#3 C:\Users\lenovo\OneDrive\Desktop\Sistem-Informasi-Masjid\system\Database\BaseBuilder.php(1615): CodeIgniter\Database\BaseConnection->query('SELECT *\nFROM `...', Array, false)
#4 C:\Users\lenovo\OneDrive\Desktop\Sistem-Informasi-Masjid\app\Models\ModelKasKeluar.php(12): CodeIgniter\Database\BaseBuilder->get()
#5 C:\Users\lenovo\OneDrive\Desktop\Sistem-Informasi-Masjid\app\Controllers\Kaskeluar.php(16): App\Models\ModelKaskeluar->getKaskeluar()
#6 C:\Users\lenovo\OneDrive\Desktop\Sistem-Informasi-Masjid\system\CodeIgniter.php(919): App\Controllers\Kaskeluar->index()
#7 C:\Users\lenovo\OneDrive\Desktop\Sistem-Informasi-Masjid\system\CodeIgniter.php(494): CodeIgniter\CodeIgniter->runController(Object(App\Controllers\Kaskeluar))
#8 C:\Users\lenovo\OneDrive\Desktop\Sistem-Informasi-Masjid\system\CodeIgniter.php(353): CodeIgniter\CodeIgniter->handleRequest(NULL, Object(Config\Cache), false)
#9 C:\Users\lenovo\OneDrive\Desktop\Sistem-Informasi-Masjid\public\index.php(79): CodeIgniter\CodeIgniter->run()
#10 C:\Users\lenovo\OneDrive\Desktop\Sistem-Informasi-Masjid\system\Commands\Server\rewrite.php(47): require_once('C:\\Users\\lenovo...')
#11 {main}
CRITICAL - 2024-01-15 05:18:58 --> Table 'dbdigitalmasjid.tbl_kaskeluar' doesn't exist
in SYSTEMPATH\Database\BaseConnection.php on line 646.
 1 SYSTEMPATH\Database\BaseBuilder.php(1615): CodeIgniter\Database\BaseConnection->query('SELECT *
FROM `tbl_kaskeluar`', [], false)
 2 APPPATH\Models\ModelKasKeluar.php(12): CodeIgniter\Database\BaseBuilder->get()
 3 APPPATH\Controllers\Kaskeluar.php(16): App\Models\ModelKaskeluar->getKaskeluar()
 4 SYSTEMPATH\CodeIgniter.php(919): App\Controllers\Kaskeluar->index()
 5 SYSTEMPATH\CodeIgniter.php(494): CodeIgniter\CodeIgniter->runController(Object(App\Controllers\Kaskeluar))
 6 SYSTEMPATH\CodeIgniter.php(353): CodeIgniter\CodeIgniter->handleRequest(null, Object(Config\Cache), false)
 7 FCPATH\index.php(79): CodeIgniter\CodeIgniter->run()
 8 SYSTEMPATH\Commands\Server\rewrite.php(47): require_once('C:\\Users\\lenovo\\OneDrive\\Desktop\\Sistem-Informasi-Masjid\\public\\index.php')
INFO - 2024-01-15 05:19:34 --> Session: Class initialized using 'CodeIgniter\Session\Handlers\FileHandler' driver.
INFO - 2024-01-15 05:21:00 --> Session: Class initialized using 'CodeIgniter\Session\Handlers\FileHandler' driver.
ERROR - 2024-01-15 05:21:00 --> mysqli_sql_exception: Unknown column 'id_kas_masjid' in 'field list' in C:\Users\lenovo\OneDrive\Desktop\Sistem-Informasi-Masjid\system\Database\MySQLi\Connection.php:306
Stack trace:
#0 C:\Users\lenovo\OneDrive\Desktop\Sistem-Informasi-Masjid\system\Database\MySQLi\Connection.php(306): mysqli->query('INSERT INTO `tb...', 0)
#1 C:\Users\lenovo\OneDrive\Desktop\Sistem-Informasi-Masjid\system\Database\BaseConnection.php(692): CodeIgniter\Database\MySQLi\Connection->execute('INSERT INTO `tb...')
#2 C:\Users\lenovo\OneDrive\Desktop\Sistem-Informasi-Masjid\system\Database\BaseConnection.php(606): CodeIgniter\Database\BaseConnection->simpleQuery('INSERT INTO `tb...')
#3 C:\Users\lenovo\OneDrive\Desktop\Sistem-Informasi-Masjid\system\Database\BaseBuilder.php(2308): CodeIgniter\Database\BaseConnection->query('INSERT INTO `tb...', Array, false)
#4 C:\Users\lenovo\OneDrive\Desktop\Sistem-Informasi-Masjid\app\Models\ModelKasKeluar.php(17): CodeIgniter\Database\BaseBuilder->insert(Array)
#5 C:\Users\lenovo\OneDrive\Desktop\Sistem-Informasi-Masjid\app\Controllers\Kaskeluar.php(38): App\Models\ModelKaskeluar->insertData(Array)
#6 C:\Users\lenovo\OneDrive\Desktop\Sistem-Informasi-Masjid\system\CodeIgniter.php(919): App\Controllers\Kaskeluar->save()
#7 C:\Users\lenovo\OneDrive\Desktop\Sistem-Informasi-Masjid\system\CodeIgniter.php(494): CodeIgniter\CodeIgniter->runController(Object(App\Controllers\Kaskeluar))
#8 C:\Users\lenovo\OneDrive\Desktop\Sistem-Informasi-Masjid\system\CodeIgniter.php(353): CodeIgniter\CodeIgniter->handleRequest(NULL, Object(Config\Cache), false)
#9 C:\Users\lenovo\OneDrive\Desktop\Sistem-Informasi-Masjid\public\index.php(79): CodeIgniter\CodeIgniter->run()
#10 C:\Users\lenovo\OneDrive\Desktop\Sistem-Informasi-Masjid\system\Commands\Server\rewrite.php(47): require_once('C:\\Users\\lenovo...')
#11 {main}
CRITICAL - 2024-01-15 05:21:00 --> Unknown column 'id_kas_masjid' in 'field list'
in SYSTEMPATH\Database\BaseConnection.php on line 646.
 1 SYSTEMPATH\Database\BaseBuilder.php(2308): CodeIgniter\Database\BaseConnection->query('INSERT INTO `tbl_kas_keluar` (`id_kas_masjid`, `tanggal`, `ket`, `kas_keluar`, `jenis_kas`, `status`) VALUES (:id_kas_masjid:, :tanggal:, :ket:, :kas_keluar:, :jenis_kas:, :status:)', [...], false)
 2 APPPATH\Models\ModelKasKeluar.php(17): CodeIgniter\Database\BaseBuilder->insert([...])
 3 APPPATH\Controllers\Kaskeluar.php(38): App\Models\ModelKaskeluar->insertData([...])
 4 SYSTEMPATH\CodeIgniter.php(919): App\Controllers\Kaskeluar->save()
 5 SYSTEMPATH\CodeIgniter.php(494): CodeIgniter\CodeIgniter->runController(Object(App\Controllers\Kaskeluar))
 6 SYSTEMPATH\CodeIgniter.php(353): CodeIgniter\CodeIgniter->handleRequest(null, Object(Config\Cache), false)
 7 FCPATH\index.php(79): CodeIgniter\CodeIgniter->run()
 8 SYSTEMPATH\Commands\Server\rewrite.php(47): require_once('C:\\Users\\lenovo\\OneDrive\\Desktop\\Sistem-Informasi-Masjid\\public\\index.php')
INFO - 2024-01-15 05:21:49 --> Session: Class initialized using 'CodeIgniter\Session\Handlers\FileHandler' driver.
ERROR - 2024-01-15 05:21:49 --> mysqli_sql_exception: Unknown column 'id_kas_masjid' in 'field list' in C:\Users\lenovo\OneDrive\Desktop\Sistem-Informasi-Masjid\system\Database\MySQLi\Connection.php:306
Stack trace:
#0 C:\Users\lenovo\OneDrive\Desktop\Sistem-Informasi-Masjid\system\Database\MySQLi\Connection.php(306): mysqli->query('INSERT INTO `tb...', 0)
#1 C:\Users\lenovo\OneDrive\Desktop\Sistem-Informasi-Masjid\system\Database\BaseConnection.php(692): CodeIgniter\Database\MySQLi\Connection->execute('INSERT INTO `tb...')
#2 C:\Users\lenovo\OneDrive\Desktop\Sistem-Informasi-Masjid\system\Database\BaseConnection.php(606): CodeIgniter\Database\BaseConnection->simpleQuery('INSERT INTO `tb...')
#3 C:\Users\lenovo\OneDrive\Desktop\Sistem-Informasi-Masjid\system\Database\BaseBuilder.php(2308): CodeIgniter\Database\BaseConnection->query('INSERT INTO `tb...', Array, false)
#4 C:\Users\lenovo\OneDrive\Desktop\Sistem-Informasi-Masjid\app\Models\ModelKasKeluar.php(17): CodeIgniter\Database\BaseBuilder->insert(Array)
#5 C:\Users\lenovo\OneDrive\Desktop\Sistem-Informasi-Masjid\app\Controllers\Kaskeluar.php(38): App\Models\ModelKaskeluar->insertData(Array)
#6 C:\Users\lenovo\OneDrive\Desktop\Sistem-Informasi-Masjid\system\CodeIgniter.php(919): App\Controllers\Kaskeluar->save()
#7 C:\Users\lenovo\OneDrive\Desktop\Sistem-Informasi-Masjid\system\CodeIgniter.php(494): CodeIgniter\CodeIgniter->runController(Object(App\Controllers\Kaskeluar))
#8 C:\Users\lenovo\OneDrive\Desktop\Sistem-Informasi-Masjid\system\CodeIgniter.php(353): CodeIgniter\CodeIgniter->handleRequest(NULL, Object(Config\Cache), false)
#9 C:\Users\lenovo\OneDrive\Desktop\Sistem-Informasi-Masjid\public\index.php(79): CodeIgniter\CodeIgniter->run()
#10 C:\Users\lenovo\OneDrive\Desktop\Sistem-Informasi-Masjid\system\Commands\Server\rewrite.php(47): require_once('C:\\Users\\lenovo...')
#11 {main}
CRITICAL - 2024-01-15 05:21:49 --> Unknown column 'id_kas_masjid' in 'field list'
in SYSTEMPATH\Database\BaseConnection.php on line 646.
 1 SYSTEMPATH\Database\BaseBuilder.php(2308): CodeIgniter\Database\BaseConnection->query('INSERT INTO `tbl_kas_keluar` (`id_kas_masjid`, `tanggal`, `ket`, `kas_keluar`, `jenis_kas`, `status`) VALUES (:id_kas_masjid:, :tanggal:, :ket:, :kas_keluar:, :jenis_kas:, :status:)', [...], false)
 2 APPPATH\Models\ModelKasKeluar.php(17): CodeIgniter\Database\BaseBuilder->insert([...])
 3 APPPATH\Controllers\Kaskeluar.php(38): App\Models\ModelKaskeluar->insertData([...])
 4 SYSTEMPATH\CodeIgniter.php(919): App\Controllers\Kaskeluar->save()
 5 SYSTEMPATH\CodeIgniter.php(494): CodeIgniter\CodeIgniter->runController(Object(App\Controllers\Kaskeluar))
 6 SYSTEMPATH\CodeIgniter.php(353): CodeIgniter\CodeIgniter->handleRequest(null, Object(Config\Cache), false)
 7 FCPATH\index.php(79): CodeIgniter\CodeIgniter->run()
 8 SYSTEMPATH\Commands\Server\rewrite.php(47): require_once('C:\\Users\\lenovo\\OneDrive\\Desktop\\Sistem-Informasi-Masjid\\public\\index.php')
INFO - 2024-01-15 05:22:25 --> Session: Class initialized using 'CodeIgniter\Session\Handlers\FileHandler' driver.
ERROR - 2024-01-15 05:22:25 --> mysqli_sql_exception: Unknown column 'tanggal' in 'field list' in C:\Users\lenovo\OneDrive\Desktop\Sistem-Informasi-Masjid\system\Database\MySQLi\Connection.php:306
Stack trace:
#0 C:\Users\lenovo\OneDrive\Desktop\Sistem-Informasi-Masjid\system\Database\MySQLi\Connection.php(306): mysqli->query('INSERT INTO `tb...', 0)
#1 C:\Users\lenovo\OneDrive\Desktop\Sistem-Informasi-Masjid\system\Database\BaseConnection.php(692): CodeIgniter\Database\MySQLi\Connection->execute('INSERT INTO `tb...')
#2 C:\Users\lenovo\OneDrive\Desktop\Sistem-Informasi-Masjid\system\Database\BaseConnection.php(606): CodeIgniter\Database\BaseConnection->simpleQuery('INSERT INTO `tb...')
#3 C:\Users\lenovo\OneDrive\Desktop\Sistem-Informasi-Masjid\system\Database\BaseBuilder.php(2308): CodeIgniter\Database\BaseConnection->query('INSERT INTO `tb...', Array, false)
#4 C:\Users\lenovo\OneDrive\Desktop\Sistem-Informasi-Masjid\app\Models\ModelKasKeluar.php(17): CodeIgniter\Database\BaseBuilder->insert(Array)
#5 C:\Users\lenovo\OneDrive\Desktop\Sistem-Informasi-Masjid\app\Controllers\Kaskeluar.php(38): App\Models\ModelKaskeluar->insertData(Array)
#6 C:\Users\lenovo\OneDrive\Desktop\Sistem-Informasi-Masjid\system\CodeIgniter.php(919): App\Controllers\Kaskeluar->save()
#7 C:\Users\lenovo\OneDrive\Desktop\Sistem-Informasi-Masjid\system\CodeIgniter.php(494): CodeIgniter\CodeIgniter->runController(Object(App\Controllers\Kaskeluar))
#8 C:\Users\lenovo\OneDrive\Desktop\Sistem-Informasi-Masjid\system\CodeIgniter.php(353): CodeIgniter\CodeIgniter->handleRequest(NULL, Object(Config\Cache), false)
#9 C:\Users\lenovo\OneDrive\Desktop\Sistem-Informasi-Masjid\public\index.php(79): CodeIgniter\CodeIgniter->run()
#10 C:\Users\lenovo\OneDrive\Desktop\Sistem-Informasi-Masjid\system\Commands\Server\rewrite.php(47): require_once('C:\\Users\\lenovo...')
#11 {main}
CRITICAL - 2024-01-15 05:22:25 --> Unknown column 'tanggal' in 'field list'
in SYSTEMPATH\Database\BaseConnection.php on line 646.
 1 SYSTEMPATH\Database\BaseBuilder.php(2308): CodeIgniter\Database\BaseConnection->query('INSERT INTO `tbl_kas_keluar` (`id_kaskeluar`, `tanggal`, `ket`, `kas_keluar`, `jenis_kas`, `status`) VALUES (:id_kaskeluar:, :tanggal:, :ket:, :kas_keluar:, :jenis_kas:, :status:)', [...], false)
 2 APPPATH\Models\ModelKasKeluar.php(17): CodeIgniter\Database\BaseBuilder->insert([...])
 3 APPPATH\Controllers\Kaskeluar.php(38): App\Models\ModelKaskeluar->insertData([...])
 4 SYSTEMPATH\CodeIgniter.php(919): App\Controllers\Kaskeluar->save()
 5 SYSTEMPATH\CodeIgniter.php(494): CodeIgniter\CodeIgniter->runController(Object(App\Controllers\Kaskeluar))
 6 SYSTEMPATH\CodeIgniter.php(353): CodeIgniter\CodeIgniter->handleRequest(null, Object(Config\Cache), false)
 7 FCPATH\index.php(79): CodeIgniter\CodeIgniter->run()
 8 SYSTEMPATH\Commands\Server\rewrite.php(47): require_once('C:\\Users\\lenovo\\OneDrive\\Desktop\\Sistem-Informasi-Masjid\\public\\index.php')
INFO - 2024-01-15 05:23:06 --> Session: Class initialized using 'CodeIgniter\Session\Handlers\FileHandler' driver.
ERROR - 2024-01-15 05:23:07 --> mysqli_sql_exception: Unknown column 'jenis_kas' in 'field list' in C:\Users\lenovo\OneDrive\Desktop\Sistem-Informasi-Masjid\system\Database\MySQLi\Connection.php:306
Stack trace:
#0 C:\Users\lenovo\OneDrive\Desktop\Sistem-Informasi-Masjid\system\Database\MySQLi\Connection.php(306): mysqli->query('INSERT INTO `tb...', 0)
#1 C:\Users\lenovo\OneDrive\Desktop\Sistem-Informasi-Masjid\system\Database\BaseConnection.php(692): CodeIgniter\Database\MySQLi\Connection->execute('INSERT INTO `tb...')
#2 C:\Users\lenovo\OneDrive\Desktop\Sistem-Informasi-Masjid\system\Database\BaseConnection.php(606): CodeIgniter\Database\BaseConnection->simpleQuery('INSERT INTO `tb...')
#3 C:\Users\lenovo\OneDrive\Desktop\Sistem-Informasi-Masjid\system\Database\BaseBuilder.php(2308): CodeIgniter\Database\BaseConnection->query('INSERT INTO `tb...', Array, false)
#4 C:\Users\lenovo\OneDrive\Desktop\Sistem-Informasi-Masjid\app\Models\ModelKasKeluar.php(17): CodeIgniter\Database\BaseBuilder->insert(Array)
#5 C:\Users\lenovo\OneDrive\Desktop\Sistem-Informasi-Masjid\app\Controllers\Kaskeluar.php(38): App\Models\ModelKaskeluar->insertData(Array)
#6 C:\Users\lenovo\OneDrive\Desktop\Sistem-Informasi-Masjid\system\CodeIgniter.php(919): App\Controllers\Kaskeluar->save()
#7 C:\Users\lenovo\OneDrive\Desktop\Sistem-Informasi-Masjid\system\CodeIgniter.php(494): CodeIgniter\CodeIgniter->runController(Object(App\Controllers\Kaskeluar))
#8 C:\Users\lenovo\OneDrive\Desktop\Sistem-Informasi-Masjid\system\CodeIgniter.php(353): CodeIgniter\CodeIgniter->handleRequest(NULL, Object(Config\Cache), false)
#9 C:\Users\lenovo\OneDrive\Desktop\Sistem-Informasi-Masjid\public\index.php(79): CodeIgniter\CodeIgniter->run()
#10 C:\Users\lenovo\OneDrive\Desktop\Sistem-Informasi-Masjid\system\Commands\Server\rewrite.php(47): require_once('C:\\Users\\lenovo...')
#11 {main}
CRITICAL - 2024-01-15 05:23:07 --> Unknown column 'jenis_kas' in 'field list'
in SYSTEMPATH\Database\BaseConnection.php on line 646.
 1 SYSTEMPATH\Database\BaseBuilder.php(2308): CodeIgniter\Database\BaseConnection->query('INSERT INTO `tbl_kas_keluar` (`id_kaskeluar`, `tgl`, `ket`, `kas_keluar`, `jenis_kas`, `status`) VALUES (:id_kaskeluar:, :tgl:, :ket:, :kas_keluar:, :jenis_kas:, :status:)', [...], false)
 2 APPPATH\Models\ModelKasKeluar.php(17): CodeIgniter\Database\BaseBuilder->insert([...])
 3 APPPATH\Controllers\Kaskeluar.php(38): App\Models\ModelKaskeluar->insertData([...])
 4 SYSTEMPATH\CodeIgniter.php(919): App\Controllers\Kaskeluar->save()
 5 SYSTEMPATH\CodeIgniter.php(494): CodeIgniter\CodeIgniter->runController(Object(App\Controllers\Kaskeluar))
 6 SYSTEMPATH\CodeIgniter.php(353): CodeIgniter\CodeIgniter->handleRequest(null, Object(Config\Cache), false)
 7 FCPATH\index.php(79): CodeIgniter\CodeIgniter->run()
 8 SYSTEMPATH\Commands\Server\rewrite.php(47): require_once('C:\\Users\\lenovo\\OneDrive\\Desktop\\Sistem-Informasi-Masjid\\public\\index.php')
INFO - 2024-01-15 05:23:43 --> Session: Class initialized using 'CodeIgniter\Session\Handlers\FileHandler' driver.
ERROR - 2024-01-15 05:23:43 --> mysqli_sql_exception: Unknown column 'id_kas_masjid' in 'field list' in C:\Users\lenovo\OneDrive\Desktop\Sistem-Informasi-Masjid\system\Database\MySQLi\Connection.php:306
Stack trace:
#0 C:\Users\lenovo\OneDrive\Desktop\Sistem-Informasi-Masjid\system\Database\MySQLi\Connection.php(306): mysqli->query('INSERT INTO `tb...', 0)
#1 C:\Users\lenovo\OneDrive\Desktop\Sistem-Informasi-Masjid\system\Database\BaseConnection.php(692): CodeIgniter\Database\MySQLi\Connection->execute('INSERT INTO `tb...')
#2 C:\Users\lenovo\OneDrive\Desktop\Sistem-Informasi-Masjid\system\Database\BaseConnection.php(606): CodeIgniter\Database\BaseConnection->simpleQuery('INSERT INTO `tb...')
#3 C:\Users\lenovo\OneDrive\Desktop\Sistem-Informasi-Masjid\system\Database\BaseBuilder.php(2308): CodeIgniter\Database\BaseConnection->query('INSERT INTO `tb...', Array, false)
#4 C:\Users\lenovo\OneDrive\Desktop\Sistem-Informasi-Masjid\app\Models\ModelKasKeluar.php(17): CodeIgniter\Database\BaseBuilder->insert(Array)
#5 C:\Users\lenovo\OneDrive\Desktop\Sistem-Informasi-Masjid\app\Controllers\Kaskeluar.php(38): App\Models\ModelKaskeluar->insertData(Array)
#6 C:\Users\lenovo\OneDrive\Desktop\Sistem-Informasi-Masjid\system\CodeIgniter.php(919): App\Controllers\Kaskeluar->save()
#7 C:\Users\lenovo\OneDrive\Desktop\Sistem-Informasi-Masjid\system\CodeIgniter.php(494): CodeIgniter\CodeIgniter->runController(Object(App\Controllers\Kaskeluar))
#8 C:\Users\lenovo\OneDrive\Desktop\Sistem-Informasi-Masjid\system\CodeIgniter.php(353): CodeIgniter\CodeIgniter->handleRequest(NULL, Object(Config\Cache), false)
#9 C:\Users\lenovo\OneDrive\Desktop\Sistem-Informasi-Masjid\public\index.php(79): CodeIgniter\CodeIgniter->run()
#10 C:\Users\lenovo\OneDrive\Desktop\Sistem-Informasi-Masjid\system\Commands\Server\rewrite.php(47): require_once('C:\\Users\\lenovo...')
#11 {main}
CRITICAL - 2024-01-15 05:23:43 --> Unknown column 'id_kas_masjid' in 'field list'
in SYSTEMPATH\Database\BaseConnection.php on line 646.
 1 SYSTEMPATH\Database\BaseBuilder.php(2308): CodeIgniter\Database\BaseConnection->query('INSERT INTO `tbl_kas_keluar` (`id_kas_masjid`, `tanggal`, `ket`, `kas_keluar`, `jenis_kas`, `status`) VALUES (:id_kas_masjid:, :tanggal:, :ket:, :kas_keluar:, :jenis_kas:, :status:)', [...], false)
 2 APPPATH\Models\ModelKasKeluar.php(17): CodeIgniter\Database\BaseBuilder->insert([...])
 3 APPPATH\Controllers\Kaskeluar.php(38): App\Models\ModelKaskeluar->insertData([...])
 4 SYSTEMPATH\CodeIgniter.php(919): App\Controllers\Kaskeluar->save()
 5 SYSTEMPATH\CodeIgniter.php(494): CodeIgniter\CodeIgniter->runController(Object(App\Controllers\Kaskeluar))
 6 SYSTEMPATH\CodeIgniter.php(353): CodeIgniter\CodeIgniter->handleRequest(null, Object(Config\Cache), false)
 7 FCPATH\index.php(79): CodeIgniter\CodeIgniter->run()
 8 SYSTEMPATH\Commands\Server\rewrite.php(47): require_once('C:\\Users\\lenovo\\OneDrive\\Desktop\\Sistem-Informasi-Masjid\\public\\index.php')
INFO - 2024-01-15 05:24:05 --> Session: Class initialized using 'CodeIgniter\Session\Handlers\FileHandler' driver.
ERROR - 2024-01-15 05:24:06 --> mysqli_sql_exception: Unknown column 'status' in 'field list' in C:\Users\lenovo\OneDrive\Desktop\Sistem-Informasi-Masjid\system\Database\MySQLi\Connection.php:306
Stack trace:
#0 C:\Users\lenovo\OneDrive\Desktop\Sistem-Informasi-Masjid\system\Database\MySQLi\Connection.php(306): mysqli->query('INSERT INTO `tb...', 0)
#1 C:\Users\lenovo\OneDrive\Desktop\Sistem-Informasi-Masjid\system\Database\BaseConnection.php(692): CodeIgniter\Database\MySQLi\Connection->execute('INSERT INTO `tb...')
#2 C:\Users\lenovo\OneDrive\Desktop\Sistem-Informasi-Masjid\system\Database\BaseConnection.php(606): CodeIgniter\Database\BaseConnection->simpleQuery('INSERT INTO `tb...')
#3 C:\Users\lenovo\OneDrive\Desktop\Sistem-Informasi-Masjid\system\Database\BaseBuilder.php(2308): CodeIgniter\Database\BaseConnection->query('INSERT INTO `tb...', Array, false)
#4 C:\Users\lenovo\OneDrive\Desktop\Sistem-Informasi-Masjid\app\Models\ModelKasKeluar.php(17): CodeIgniter\Database\BaseBuilder->insert(Array)
#5 C:\Users\lenovo\OneDrive\Desktop\Sistem-Informasi-Masjid\app\Controllers\Kaskeluar.php(38): App\Models\ModelKaskeluar->insertData(Array)
#6 C:\Users\lenovo\OneDrive\Desktop\Sistem-Informasi-Masjid\system\CodeIgniter.php(919): App\Controllers\Kaskeluar->save()
#7 C:\Users\lenovo\OneDrive\Desktop\Sistem-Informasi-Masjid\system\CodeIgniter.php(494): CodeIgniter\CodeIgniter->runController(Object(App\Controllers\Kaskeluar))
#8 C:\Users\lenovo\OneDrive\Desktop\Sistem-Informasi-Masjid\system\CodeIgniter.php(353): CodeIgniter\CodeIgniter->handleRequest(NULL, Object(Config\Cache), false)
#9 C:\Users\lenovo\OneDrive\Desktop\Sistem-Informasi-Masjid\public\index.php(79): CodeIgniter\CodeIgniter->run()
#10 C:\Users\lenovo\OneDrive\Desktop\Sistem-Informasi-Masjid\system\Commands\Server\rewrite.php(47): require_once('C:\\Users\\lenovo...')
#11 {main}
CRITICAL - 2024-01-15 05:24:06 --> Unknown column 'status' in 'field list'
in SYSTEMPATH\Database\BaseConnection.php on line 646.
 1 SYSTEMPATH\Database\BaseBuilder.php(2308): CodeIgniter\Database\BaseConnection->query('INSERT INTO `tbl_kas_keluar` (`id_kaskeluar`, `tanggal`, `ket`, `kas_keluar`, `jenis_kas`, `status`) VALUES (:id_kaskeluar:, :tanggal:, :ket:, :kas_keluar:, :jenis_kas:, :status:)', [...], false)
 2 APPPATH\Models\ModelKasKeluar.php(17): CodeIgniter\Database\BaseBuilder->insert([...])
 3 APPPATH\Controllers\Kaskeluar.php(38): App\Models\ModelKaskeluar->insertData([...])
 4 SYSTEMPATH\CodeIgniter.php(919): App\Controllers\Kaskeluar->save()
 5 SYSTEMPATH\CodeIgniter.php(494): CodeIgniter\CodeIgniter->runController(Object(App\Controllers\Kaskeluar))
 6 SYSTEMPATH\CodeIgniter.php(353): CodeIgniter\CodeIgniter->handleRequest(null, Object(Config\Cache), false)
 7 FCPATH\index.php(79): CodeIgniter\CodeIgniter->run()
 8 SYSTEMPATH\Commands\Server\rewrite.php(47): require_once('C:\\Users\\lenovo\\OneDrive\\Desktop\\Sistem-Informasi-Masjid\\public\\index.php')
INFO - 2024-01-15 05:25:11 --> Session: Class initialized using 'CodeIgniter\Session\Handlers\FileHandler' driver.
INFO - 2024-01-15 05:25:11 --> Session: Class initialized using 'CodeIgniter\Session\Handlers\FileHandler' driver.
CRITICAL - 2024-01-15 05:25:11 --> Undefined array key "id_kas_masjid"
in APPPATH\Views\kasmasjid\v_kaskeluar.php on line 63.
 1 APPPATH\Views\kasmasjid\v_kaskeluar.php(63): CodeIgniter\Debug\Exceptions->errorHandler(2, 'Undefined array key "id_kas_masjid"', 'C:\\Users\\lenovo\\OneDrive\\Desktop\\Sistem-Informasi-Masjid\\app\\Views\\kasmasjid\\v_kaskeluar.php', 63)
 2 SYSTEMPATH\View\View.php(226): include('C:\\Users\\lenovo\\OneDrive\\Desktop\\Sistem-Informasi-Masjid\\app\\Views\\kasmasjid\\v_kaskeluar.php')
 3 SYSTEMPATH\View\View.php(229): CodeIgniter\View\View->CodeIgniter\View\{closure}()
 4 SYSTEMPATH\Common.php(1188): CodeIgniter\View\View->render('kasmasjid/v_kaskeluar', [], true)
 5 APPPATH\Controllers\Kaskeluar.php(17): view('kasmasjid/v_kaskeluar', [...])
 6 SYSTEMPATH\CodeIgniter.php(919): App\Controllers\Kaskeluar->index()
 7 SYSTEMPATH\CodeIgniter.php(494): CodeIgniter\CodeIgniter->runController(Object(App\Controllers\Kaskeluar))
 8 SYSTEMPATH\CodeIgniter.php(353): CodeIgniter\CodeIgniter->handleRequest(null, Object(Config\Cache), false)
 9 FCPATH\index.php(79): CodeIgniter\CodeIgniter->run()
10 SYSTEMPATH\Commands\Server\rewrite.php(47): require_once('C:\\Users\\lenovo\\OneDrive\\Desktop\\Sistem-Informasi-Masjid\\public\\index.php')
INFO - 2024-01-15 05:25:34 --> Session: Class initialized using 'CodeIgniter\Session\Handlers\FileHandler' driver.
INFO - 2024-01-15 05:27:28 --> Session: Class initialized using 'CodeIgniter\Session\Handlers\FileHandler' driver.
INFO - 2024-01-15 05:27:28 --> Session: Class initialized using 'CodeIgniter\Session\Handlers\FileHandler' driver.
INFO - 2024-01-15 05:27:34 --> Session: Class initialized using 'CodeIgniter\Session\Handlers\FileHandler' driver.
INFO - 2024-01-15 05:27:35 --> Session: Class initialized using 'CodeIgniter\Session\Handlers\FileHandler' driver.
INFO - 2024-01-15 05:28:13 --> Session: Class initialized using 'CodeIgniter\Session\Handlers\FileHandler' driver.
INFO - 2024-01-15 05:42:06 --> Session: Class initialized using 'CodeIgniter\Session\Handlers\FileHandler' driver.
INFO - 2024-01-15 05:52:51 --> Session: Class initialized using 'CodeIgniter\Session\Handlers\FileHandler' driver.
INFO - 2024-01-15 05:54:41 --> Session: Class initialized using 'CodeIgniter\Session\Handlers\FileHandler' driver.
INFO - 2024-01-15 05:57:21 --> Session: Class initialized using 'CodeIgniter\Session\Handlers\FileHandler' driver.
INFO - 2024-01-15 06:00:16 --> Session: Class initialized using 'CodeIgniter\Session\Handlers\FileHandler' driver.
ERROR - 2024-01-15 06:00:16 --> mysqli_sql_exception: Unknown column 'nama' in 'field list' in C:\Users\lenovo\OneDrive\Desktop\Sistem-Informasi-Masjid\system\Database\MySQLi\Connection.php:306
Stack trace:
#0 C:\Users\lenovo\OneDrive\Desktop\Sistem-Informasi-Masjid\system\Database\MySQLi\Connection.php(306): mysqli->query('SELECT `id_kask...', 0)
#1 C:\Users\lenovo\OneDrive\Desktop\Sistem-Informasi-Masjid\system\Database\BaseConnection.php(692): CodeIgniter\Database\MySQLi\Connection->execute('SELECT `id_kask...')
#2 C:\Users\lenovo\OneDrive\Desktop\Sistem-Informasi-Masjid\system\Database\BaseConnection.php(606): CodeIgniter\Database\BaseConnection->simpleQuery('SELECT `id_kask...')
#3 C:\Users\lenovo\OneDrive\Desktop\Sistem-Informasi-Masjid\system\Database\BaseBuilder.php(1615): CodeIgniter\Database\BaseConnection->query('SELECT `id_kask...', Array, false)
#4 C:\Users\lenovo\OneDrive\Desktop\Sistem-Informasi-Masjid\app\Models\ModelKasKeluar.php(16): CodeIgniter\Database\BaseBuilder->get()
#5 C:\Users\lenovo\OneDrive\Desktop\Sistem-Informasi-Masjid\app\Controllers\Kaskeluar.php(16): App\Models\ModelKaskeluar->getKaskeluar()
#6 C:\Users\lenovo\OneDrive\Desktop\Sistem-Informasi-Masjid\system\CodeIgniter.php(919): App\Controllers\Kaskeluar->index()
#7 C:\Users\lenovo\OneDrive\Desktop\Sistem-Informasi-Masjid\system\CodeIgniter.php(494): CodeIgniter\CodeIgniter->runController(Object(App\Controllers\Kaskeluar))
#8 C:\Users\lenovo\OneDrive\Desktop\Sistem-Informasi-Masjid\system\CodeIgniter.php(353): CodeIgniter\CodeIgniter->handleRequest(NULL, Object(Config\Cache), false)
#9 C:\Users\lenovo\OneDrive\Desktop\Sistem-Informasi-Masjid\public\index.php(79): CodeIgniter\CodeIgniter->run()
#10 C:\Users\lenovo\OneDrive\Desktop\Sistem-Informasi-Masjid\system\Commands\Server\rewrite.php(47): require_once('C:\\Users\\lenovo...')
#11 {main}
CRITICAL - 2024-01-15 06:00:16 --> Unknown column 'nama' in 'field list'
in SYSTEMPATH\Database\BaseConnection.php on line 646.
 1 SYSTEMPATH\Database\BaseBuilder.php(1615): CodeIgniter\Database\BaseConnection->query('SELECT `id_kaskeluar`, `tanggal`, `idagenda`, `nama`, `ket`, `kas_keluar`, `jenis_kas`
FROM `tbl_kas_keluar`
JOIN `tbl_agenda` ON `tbl_kas_keluar`.`idagenda` = `tbl_agenda`.`id_agenda`', [], false)
 2 APPPATH\Models\ModelKasKeluar.php(16): CodeIgniter\Database\BaseBuilder->get()
 3 APPPATH\Controllers\Kaskeluar.php(16): App\Models\ModelKaskeluar->getKaskeluar()
 4 SYSTEMPATH\CodeIgniter.php(919): App\Controllers\Kaskeluar->index()
 5 SYSTEMPATH\CodeIgniter.php(494): CodeIgniter\CodeIgniter->runController(Object(App\Controllers\Kaskeluar))
 6 SYSTEMPATH\CodeIgniter.php(353): CodeIgniter\CodeIgniter->handleRequest(null, Object(Config\Cache), false)
 7 FCPATH\index.php(79): CodeIgniter\CodeIgniter->run()
 8 SYSTEMPATH\Commands\Server\rewrite.php(47): require_once('C:\\Users\\lenovo\\OneDrive\\Desktop\\Sistem-Informasi-Masjid\\public\\index.php')
INFO - 2024-01-15 06:00:40 --> Session: Class initialized using 'CodeIgniter\Session\Handlers\FileHandler' driver.
INFO - 2024-01-15 06:02:02 --> Session: Class initialized using 'CodeIgniter\Session\Handlers\FileHandler' driver.
INFO - 2024-01-15 06:03:39 --> Session: Class initialized using 'CodeIgniter\Session\Handlers\FileHandler' driver.
INFO - 2024-01-15 06:04:33 --> Session: Class initialized using 'CodeIgniter\Session\Handlers\FileHandler' driver.
INFO - 2024-01-15 06:04:54 --> Session: Class initialized using 'CodeIgniter\Session\Handlers\FileHandler' driver.
INFO - 2024-01-15 06:07:41 --> Session: Class initialized using 'CodeIgniter\Session\Handlers\FileHandler' driver.
INFO - 2024-01-15 06:09:58 --> Session: Class initialized using 'CodeIgniter\Session\Handlers\FileHandler' driver.
INFO - 2024-01-15 06:10:01 --> Session: Class initialized using 'CodeIgniter\Session\Handlers\FileHandler' driver.
CRITICAL - 2024-01-15 06:10:01 --> Undefined property: stdClass::$idagenda
in APPPATH\Views\kasmasjid\v_kaskeluar.php on line 291.
 1 APPPATH\Views\kasmasjid\v_kaskeluar.php(291): CodeIgniter\Debug\Exceptions->errorHandler(2, 'Undefined property: stdClass::$idagenda', 'C:\\Users\\lenovo\\OneDrive\\Desktop\\Sistem-Informasi-Masjid\\app\\Views\\kasmasjid\\v_kaskeluar.php', 291)
 2 SYSTEMPATH\View\View.php(226): include('C:\\Users\\lenovo\\OneDrive\\Desktop\\Sistem-Informasi-Masjid\\app\\Views\\kasmasjid\\v_kaskeluar.php')
 3 SYSTEMPATH\View\View.php(229): CodeIgniter\View\View->CodeIgniter\View\{closure}()
 4 SYSTEMPATH\Common.php(1188): CodeIgniter\View\View->render('kasmasjid/v_kaskeluar', [], true)
 5 APPPATH\Controllers\Kaskeluar.php(18): view('kasmasjid/v_kaskeluar', [...])
 6 SYSTEMPATH\CodeIgniter.php(919): App\Controllers\Kaskeluar->index()
 7 SYSTEMPATH\CodeIgniter.php(494): CodeIgniter\CodeIgniter->runController(Object(App\Controllers\Kaskeluar))
 8 SYSTEMPATH\CodeIgniter.php(353): CodeIgniter\CodeIgniter->handleRequest(null, Object(Config\Cache), false)
 9 FCPATH\index.php(79): CodeIgniter\CodeIgniter->run()
10 SYSTEMPATH\Commands\Server\rewrite.php(47): require_once('C:\\Users\\lenovo\\OneDrive\\Desktop\\Sistem-Informasi-Masjid\\public\\index.php')
INFO - 2024-01-15 06:10:13 --> Session: Class initialized using 'CodeIgniter\Session\Handlers\FileHandler' driver.
CRITICAL - 2024-01-15 06:10:13 --> Undefined property: stdClass::$id_genda
in APPPATH\Views\kasmasjid\v_kaskeluar.php on line 291.
 1 APPPATH\Views\kasmasjid\v_kaskeluar.php(291): CodeIgniter\Debug\Exceptions->errorHandler(2, 'Undefined property: stdClass::$id_genda', 'C:\\Users\\lenovo\\OneDrive\\Desktop\\Sistem-Informasi-Masjid\\app\\Views\\kasmasjid\\v_kaskeluar.php', 291)
 2 SYSTEMPATH\View\View.php(226): include('C:\\Users\\lenovo\\OneDrive\\Desktop\\Sistem-Informasi-Masjid\\app\\Views\\kasmasjid\\v_kaskeluar.php')
 3 SYSTEMPATH\View\View.php(229): CodeIgniter\View\View->CodeIgniter\View\{closure}()
 4 SYSTEMPATH\Common.php(1188): CodeIgniter\View\View->render('kasmasjid/v_kaskeluar', [], true)
 5 APPPATH\Controllers\Kaskeluar.php(18): view('kasmasjid/v_kaskeluar', [...])
 6 SYSTEMPATH\CodeIgniter.php(919): App\Controllers\Kaskeluar->index()
 7 SYSTEMPATH\CodeIgniter.php(494): CodeIgniter\CodeIgniter->runController(Object(App\Controllers\Kaskeluar))
 8 SYSTEMPATH\CodeIgniter.php(353): CodeIgniter\CodeIgniter->handleRequest(null, Object(Config\Cache), false)
 9 FCPATH\index.php(79): CodeIgniter\CodeIgniter->run()
10 SYSTEMPATH\Commands\Server\rewrite.php(47): require_once('C:\\Users\\lenovo\\OneDrive\\Desktop\\Sistem-Informasi-Masjid\\public\\index.php')
INFO - 2024-01-15 06:11:05 --> Session: Class initialized using 'CodeIgniter\Session\Handlers\FileHandler' driver.
CRITICAL - 2024-01-15 06:11:05 --> Undefined property: stdClass::$idagenda
in APPPATH\Views\kasmasjid\v_kaskeluar.php on line 291.
 1 APPPATH\Views\kasmasjid\v_kaskeluar.php(291): CodeIgniter\Debug\Exceptions->errorHandler(2, 'Undefined property: stdClass::$idagenda', 'C:\\Users\\lenovo\\OneDrive\\Desktop\\Sistem-Informasi-Masjid\\app\\Views\\kasmasjid\\v_kaskeluar.php', 291)
 2 SYSTEMPATH\View\View.php(226): include('C:\\Users\\lenovo\\OneDrive\\Desktop\\Sistem-Informasi-Masjid\\app\\Views\\kasmasjid\\v_kaskeluar.php')
 3 SYSTEMPATH\View\View.php(229): CodeIgniter\View\View->CodeIgniter\View\{closure}()
 4 SYSTEMPATH\Common.php(1188): CodeIgniter\View\View->render('kasmasjid/v_kaskeluar', [], true)
 5 APPPATH\Controllers\Kaskeluar.php(18): view('kasmasjid/v_kaskeluar', [...])
 6 SYSTEMPATH\CodeIgniter.php(919): App\Controllers\Kaskeluar->index()
 7 SYSTEMPATH\CodeIgniter.php(494): CodeIgniter\CodeIgniter->runController(Object(App\Controllers\Kaskeluar))
 8 SYSTEMPATH\CodeIgniter.php(353): CodeIgniter\CodeIgniter->handleRequest(null, Object(Config\Cache), false)
 9 FCPATH\index.php(79): CodeIgniter\CodeIgniter->run()
10 SYSTEMPATH\Commands\Server\rewrite.php(47): require_once('C:\\Users\\lenovo\\OneDrive\\Desktop\\Sistem-Informasi-Masjid\\public\\index.php')
INFO - 2024-01-15 06:13:39 --> Session: Class initialized using 'CodeIgniter\Session\Handlers\FileHandler' driver.
CRITICAL - 2024-01-15 06:13:39 --> Undefined property: stdClass::$tanggal
in APPPATH\Views\kasmasjid\v_kaskeluar.php on line 293.
 1 APPPATH\Views\kasmasjid\v_kaskeluar.php(293): CodeIgniter\Debug\Exceptions->errorHandler(2, 'Undefined property: stdClass::$tanggal', 'C:\\Users\\lenovo\\OneDrive\\Desktop\\Sistem-Informasi-Masjid\\app\\Views\\kasmasjid\\v_kaskeluar.php', 293)
 2 SYSTEMPATH\View\View.php(226): include('C:\\Users\\lenovo\\OneDrive\\Desktop\\Sistem-Informasi-Masjid\\app\\Views\\kasmasjid\\v_kaskeluar.php')
 3 SYSTEMPATH\View\View.php(229): CodeIgniter\View\View->CodeIgniter\View\{closure}()
 4 SYSTEMPATH\Common.php(1188): CodeIgniter\View\View->render('kasmasjid/v_kaskeluar', [], true)
 5 APPPATH\Controllers\Kaskeluar.php(18): view('kasmasjid/v_kaskeluar', [...])
 6 SYSTEMPATH\CodeIgniter.php(919): App\Controllers\Kaskeluar->index()
 7 SYSTEMPATH\CodeIgniter.php(494): CodeIgniter\CodeIgniter->runController(Object(App\Controllers\Kaskeluar))
 8 SYSTEMPATH\CodeIgniter.php(353): CodeIgniter\CodeIgniter->handleRequest(null, Object(Config\Cache), false)
 9 FCPATH\index.php(79): CodeIgniter\CodeIgniter->run()
10 SYSTEMPATH\Commands\Server\rewrite.php(47): require_once('C:\\Users\\lenovo\\OneDrive\\Desktop\\Sistem-Informasi-Masjid\\public\\index.php')
INFO - 2024-01-15 06:13:56 --> Session: Class initialized using 'CodeIgniter\Session\Handlers\FileHandler' driver.
CRITICAL - 2024-01-15 06:13:56 --> Undefined property: stdClass::$iddonatur
in APPPATH\Views\kasmasjid\v_kaskeluar.php on line 295.
 1 APPPATH\Views\kasmasjid\v_kaskeluar.php(295): CodeIgniter\Debug\Exceptions->errorHandler(2, 'Undefined property: stdClass::$iddonatur', 'C:\\Users\\lenovo\\OneDrive\\Desktop\\Sistem-Informasi-Masjid\\app\\Views\\kasmasjid\\v_kaskeluar.php', 295)
 2 SYSTEMPATH\View\View.php(226): include('C:\\Users\\lenovo\\OneDrive\\Desktop\\Sistem-Informasi-Masjid\\app\\Views\\kasmasjid\\v_kaskeluar.php')
 3 SYSTEMPATH\View\View.php(229): CodeIgniter\View\View->CodeIgniter\View\{closure}()
 4 SYSTEMPATH\Common.php(1188): CodeIgniter\View\View->render('kasmasjid/v_kaskeluar', [], true)
 5 APPPATH\Controllers\Kaskeluar.php(18): view('kasmasjid/v_kaskeluar', [...])
 6 SYSTEMPATH\CodeIgniter.php(919): App\Controllers\Kaskeluar->index()
 7 SYSTEMPATH\CodeIgniter.php(494): CodeIgniter\CodeIgniter->runController(Object(App\Controllers\Kaskeluar))
 8 SYSTEMPATH\CodeIgniter.php(353): CodeIgniter\CodeIgniter->handleRequest(null, Object(Config\Cache), false)
 9 FCPATH\index.php(79): CodeIgniter\CodeIgniter->run()
10 SYSTEMPATH\Commands\Server\rewrite.php(47): require_once('C:\\Users\\lenovo\\OneDrive\\Desktop\\Sistem-Informasi-Masjid\\public\\index.php')
INFO - 2024-01-15 06:14:18 --> Session: Class initialized using 'CodeIgniter\Session\Handlers\FileHandler' driver.
INFO - 2024-01-15 06:15:20 --> Session: Class initialized using 'CodeIgniter\Session\Handlers\FileHandler' driver.
INFO - 2024-01-15 06:16:07 --> Session: Class initialized using 'CodeIgniter\Session\Handlers\FileHandler' driver.
INFO - 2024-01-15 06:17:44 --> Session: Class initialized using 'CodeIgniter\Session\Handlers\FileHandler' driver.
INFO - 2024-01-15 06:22:40 --> Session: Class initialized using 'CodeIgniter\Session\Handlers\FileHandler' driver.
INFO - 2024-01-15 06:43:47 --> Session: Class initialized using 'CodeIgniter\Session\Handlers\FileHandler' driver.
INFO - 2024-01-15 06:43:52 --> Session: Class initialized using 'CodeIgniter\Session\Handlers\FileHandler' driver.
INFO - 2024-01-15 06:44:00 --> Session: Class initialized using 'CodeIgniter\Session\Handlers\FileHandler' driver.
INFO - 2024-01-15 06:44:09 --> Session: Class initialized using 'CodeIgniter\Session\Handlers\FileHandler' driver.
INFO - 2024-01-15 06:47:57 --> Session: Class initialized using 'CodeIgniter\Session\Handlers\FileHandler' driver.
INFO - 2024-01-15 06:51:39 --> Session: Class initialized using 'CodeIgniter\Session\Handlers\FileHandler' driver.
CRITICAL - 2024-01-15 06:51:39 --> Unsupported operand types: string % string
in APPPATH\Models\ModelKasKeluar.php on line 21.
 1 APPPATH\Controllers\Kaskeluar.php(17): App\Models\ModelKaskeluar->getAgenda()
 2 SYSTEMPATH\CodeIgniter.php(919): App\Controllers\Kaskeluar->index()
 3 SYSTEMPATH\CodeIgniter.php(494): CodeIgniter\CodeIgniter->runController(Object(App\Controllers\Kaskeluar))
 4 SYSTEMPATH\CodeIgniter.php(353): CodeIgniter\CodeIgniter->handleRequest(null, Object(Config\Cache), false)
 5 FCPATH\index.php(79): CodeIgniter\CodeIgniter->run()
 6 SYSTEMPATH\Commands\Server\rewrite.php(47): require_once('C:\\Users\\lenovo\\OneDrive\\Desktop\\Sistem-Informasi-Masjid\\public\\index.php')
INFO - 2024-01-15 06:52:56 --> Session: Class initialized using 'CodeIgniter\Session\Handlers\FileHandler' driver.
CRITICAL - 2024-01-15 06:52:56 --> Unsupported operand types: string % string
in APPPATH\Models\ModelKasKeluar.php on line 21.
 1 APPPATH\Controllers\Kaskeluar.php(17): App\Models\ModelKaskeluar->getAgenda()
 2 SYSTEMPATH\CodeIgniter.php(919): App\Controllers\Kaskeluar->index()
 3 SYSTEMPATH\CodeIgniter.php(494): CodeIgniter\CodeIgniter->runController(Object(App\Controllers\Kaskeluar))
 4 SYSTEMPATH\CodeIgniter.php(353): CodeIgniter\CodeIgniter->handleRequest(null, Object(Config\Cache), false)
 5 FCPATH\index.php(79): CodeIgniter\CodeIgniter->run()
 6 SYSTEMPATH\Commands\Server\rewrite.php(47): require_once('C:\\Users\\lenovo\\OneDrive\\Desktop\\Sistem-Informasi-Masjid\\public\\index.php')
INFO - 2024-01-15 06:52:59 --> Session: Class initialized using 'CodeIgniter\Session\Handlers\FileHandler' driver.
INFO - 2024-01-15 06:53:11 --> Session: Class initialized using 'CodeIgniter\Session\Handlers\FileHandler' driver.
CRITICAL - 2024-01-15 06:53:11 --> Unsupported operand types: string % string
in APPPATH\Models\ModelKasKeluar.php on line 21.
 1 APPPATH\Controllers\Kaskeluar.php(17): App\Models\ModelKaskeluar->getAgenda()
 2 SYSTEMPATH\CodeIgniter.php(919): App\Controllers\Kaskeluar->index()
 3 SYSTEMPATH\CodeIgniter.php(494): CodeIgniter\CodeIgniter->runController(Object(App\Controllers\Kaskeluar))
 4 SYSTEMPATH\CodeIgniter.php(353): CodeIgniter\CodeIgniter->handleRequest(null, Object(Config\Cache), false)
 5 FCPATH\index.php(79): CodeIgniter\CodeIgniter->run()
 6 SYSTEMPATH\Commands\Server\rewrite.php(47): require_once('C:\\Users\\lenovo\\OneDrive\\Desktop\\Sistem-Informasi-Masjid\\public\\index.php')
INFO - 2024-01-15 06:53:29 --> Session: Class initialized using 'CodeIgniter\Session\Handlers\FileHandler' driver.
INFO - 2024-01-15 06:58:58 --> Session: Class initialized using 'CodeIgniter\Session\Handlers\FileHandler' driver.
INFO - 2024-01-15 07:06:33 --> Session: Class initialized using 'CodeIgniter\Session\Handlers\FileHandler' driver.
INFO - 2024-01-15 07:24:28 --> Session: Class initialized using 'CodeIgniter\Session\Handlers\FileHandler' driver.
INFO - 2024-01-15 07:24:38 --> Session: Class initialized using 'CodeIgniter\Session\Handlers\FileHandler' driver.
INFO - 2024-01-15 07:24:41 --> Session: Class initialized using 'CodeIgniter\Session\Handlers\FileHandler' driver.
INFO - 2024-01-15 07:25:05 --> Session: Class initialized using 'CodeIgniter\Session\Handlers\FileHandler' driver.
INFO - 2024-01-15 07:25:20 --> Session: Class initialized using 'CodeIgniter\Session\Handlers\FileHandler' driver.
INFO - 2024-01-15 07:26:02 --> Session: Class initialized using 'CodeIgniter\Session\Handlers\FileHandler' driver.
INFO - 2024-01-15 07:26:02 --> Session: Class initialized using 'CodeIgniter\Session\Handlers\FileHandler' driver.
INFO - 2024-01-15 07:27:08 --> Session: Class initialized using 'CodeIgniter\Session\Handlers\FileHandler' driver.
INFO - 2024-01-15 07:27:08 --> Session: Class initialized using 'CodeIgniter\Session\Handlers\FileHandler' driver.
INFO - 2024-01-15 07:27:14 --> Session: Class initialized using 'CodeIgniter\Session\Handlers\FileHandler' driver.
INFO - 2024-01-15 07:28:44 --> Session: Class initialized using 'CodeIgniter\Session\Handlers\FileHandler' driver.
INFO - 2024-01-15 07:30:33 --> Session: Class initialized using 'CodeIgniter\Session\Handlers\FileHandler' driver.
INFO - 2024-01-15 07:30:35 --> Session: Class initialized using 'CodeIgniter\Session\Handlers\FileHandler' driver.
INFO - 2024-01-15 07:32:03 --> Session: Class initialized using 'CodeIgniter\Session\Handlers\FileHandler' driver.
INFO - 2024-01-15 07:32:42 --> Session: Class initialized using 'CodeIgniter\Session\Handlers\FileHandler' driver.
INFO - 2024-01-15 07:32:42 --> Session: Class initialized using 'CodeIgniter\Session\Handlers\FileHandler' driver.
INFO - 2024-01-15 07:34:14 --> Session: Class initialized using 'CodeIgniter\Session\Handlers\FileHandler' driver.
INFO - 2024-01-15 07:36:50 --> Session: Class initialized using 'CodeIgniter\Session\Handlers\FileHandler' driver.
INFO - 2024-01-15 07:37:18 --> Session: Class initialized using 'CodeIgniter\Session\Handlers\FileHandler' driver.
INFO - 2024-01-15 07:37:18 --> Session: Class initialized using 'CodeIgniter\Session\Handlers\FileHandler' driver.
INFO - 2024-01-15 07:37:27 --> Session: Class initialized using 'CodeIgniter\Session\Handlers\FileHandler' driver.
INFO - 2024-01-15 07:38:20 --> Session: Class initialized using 'CodeIgniter\Session\Handlers\FileHandler' driver.
INFO - 2024-01-15 07:38:20 --> Session: Class initialized using 'CodeIgniter\Session\Handlers\FileHandler' driver.
INFO - 2024-01-15 07:38:37 --> Session: Class initialized using 'CodeIgniter\Session\Handlers\FileHandler' driver.
INFO - 2024-01-15 07:38:42 --> Session: Class initialized using 'CodeIgniter\Session\Handlers\FileHandler' driver.
INFO - 2024-01-15 07:43:07 --> Session: Class initialized using 'CodeIgniter\Session\Handlers\FileHandler' driver.
INFO - 2024-01-15 07:43:29 --> Session: Class initialized using 'CodeIgniter\Session\Handlers\FileHandler' driver.
INFO - 2024-01-15 07:43:57 --> Session: Class initialized using 'CodeIgniter\Session\Handlers\FileHandler' driver.
INFO - 2024-01-15 07:43:57 --> Session: Class initialized using 'CodeIgniter\Session\Handlers\FileHandler' driver.
INFO - 2024-01-15 07:44:04 --> Session: Class initialized using 'CodeIgniter\Session\Handlers\FileHandler' driver.
INFO - 2024-01-15 07:44:20 --> Session: Class initialized using 'CodeIgniter\Session\Handlers\FileHandler' driver.
INFO - 2024-01-15 07:44:24 --> Session: Class initialized using 'CodeIgniter\Session\Handlers\FileHandler' driver.
INFO - 2024-01-15 07:44:28 --> Session: Class initialized using 'CodeIgniter\Session\Handlers\FileHandler' driver.
INFO - 2024-01-15 07:44:59 --> Session: Class initialized using 'CodeIgniter\Session\Handlers\FileHandler' driver.
INFO - 2024-01-15 07:45:36 --> Session: Class initialized using 'CodeIgniter\Session\Handlers\FileHandler' driver.
INFO - 2024-01-15 07:45:36 --> Session: Class initialized using 'CodeIgniter\Session\Handlers\FileHandler' driver.
INFO - 2024-01-15 07:45:39 --> Session: Class initialized using 'CodeIgniter\Session\Handlers\FileHandler' driver.
INFO - 2024-01-15 07:45:50 --> Session: Class initialized using 'CodeIgniter\Session\Handlers\FileHandler' driver.
INFO - 2024-01-15 07:45:58 --> Session: Class initialized using 'CodeIgniter\Session\Handlers\FileHandler' driver.
INFO - 2024-01-15 07:50:08 --> Session: Class initialized using 'CodeIgniter\Session\Handlers\FileHandler' driver.
INFO - 2024-01-15 07:50:23 --> Session: Class initialized using 'CodeIgniter\Session\Handlers\FileHandler' driver.
INFO - 2024-01-15 07:50:46 --> Session: Class initialized using 'CodeIgniter\Session\Handlers\FileHandler' driver.
INFO - 2024-01-15 07:50:55 --> Session: Class initialized using 'CodeIgniter\Session\Handlers\FileHandler' driver.
INFO - 2024-01-15 09:32:51 --> Session: Class initialized using 'CodeIgniter\Session\Handlers\FileHandler' driver.
