CRITICAL - 2023-11-15 07:02:34 --> Undefined variable $pengurus
in APPPATH\Views\pengurus\v_pengurus.php on line 44.
 1 APPPATH\Views\pengurus\v_pengurus.php(44): CodeIgniter\Debug\Exceptions->errorHandler(2, 'Undefined variable $pengurus', 'C:\\Users\\lenovo\\OneDrive\\Desktop\\Sistem-Informasi-DMasjid\\app\\Views\\pengurus\\v_pengurus.php', 44)
 2 SYSTEMPATH\View\View.php(226): include('C:\\Users\\lenovo\\OneDrive\\Desktop\\Sistem-Informasi-DMasjid\\app\\Views\\pengurus\\v_pengurus.php')
 3 SYSTEMPATH\View\View.php(229): CodeIgniter\View\View->CodeIgniter\View\{closure}()
 4 SYSTEMPATH\Common.php(1188): CodeIgniter\View\View->render('pengurus/v_pengurus', [], true)
 5 APPPATH\Controllers\Pengurus.php(13): view('pengurus/v_pengurus')
 6 SYSTEMPATH\CodeIgniter.php(919): App\Controllers\Pengurus->index()
 7 SYSTEMPATH\CodeIgniter.php(494): CodeIgniter\CodeIgniter->runController(Object(App\Controllers\Pengurus))
 8 SYSTEMPATH\CodeIgniter.php(353): CodeIgniter\CodeIgniter->handleRequest(null, Object(Config\Cache), false)
 9 FCPATH\index.php(79): CodeIgniter\CodeIgniter->run()
10 SYSTEMPATH\Commands\Server\rewrite.php(47): require_once('C:\\Users\\lenovo\\OneDrive\\Desktop\\Sistem-Informasi-DMasjid\\public\\index.php')
CRITICAL - 2023-11-15 07:03:42 --> Undefined variable $pengurus
in APPPATH\Views\pengurus\v_pengurus.php on line 44.
 1 APPPATH\Views\pengurus\v_pengurus.php(44): CodeIgniter\Debug\Exceptions->errorHandler(2, 'Undefined variable $pengurus', 'C:\\Users\\lenovo\\OneDrive\\Desktop\\Sistem-Informasi-DMasjid\\app\\Views\\pengurus\\v_pengurus.php', 44)
 2 SYSTEMPATH\View\View.php(226): include('C:\\Users\\lenovo\\OneDrive\\Desktop\\Sistem-Informasi-DMasjid\\app\\Views\\pengurus\\v_pengurus.php')
 3 SYSTEMPATH\View\View.php(229): CodeIgniter\View\View->CodeIgniter\View\{closure}()
 4 SYSTEMPATH\Common.php(1188): CodeIgniter\View\View->render('pengurus/v_pengurus', [], true)
 5 APPPATH\Controllers\Pengurus.php(13): view('pengurus/v_pengurus')
 6 SYSTEMPATH\CodeIgniter.php(919): App\Controllers\Pengurus->index()
 7 SYSTEMPATH\CodeIgniter.php(494): CodeIgniter\CodeIgniter->runController(Object(App\Controllers\Pengurus))
 8 SYSTEMPATH\CodeIgniter.php(353): CodeIgniter\CodeIgniter->handleRequest(null, Object(Config\Cache), false)
 9 FCPATH\index.php(79): CodeIgniter\CodeIgniter->run()
10 SYSTEMPATH\Commands\Server\rewrite.php(47): require_once('C:\\Users\\lenovo\\OneDrive\\Desktop\\Sistem-Informasi-DMasjid\\public\\index.php')
CRITICAL - 2023-11-15 07:03:43 --> Undefined variable $pengurus
in APPPATH\Views\pengurus\v_pengurus.php on line 44.
 1 APPPATH\Views\pengurus\v_pengurus.php(44): CodeIgniter\Debug\Exceptions->errorHandler(2, 'Undefined variable $pengurus', 'C:\\Users\\lenovo\\OneDrive\\Desktop\\Sistem-Informasi-DMasjid\\app\\Views\\pengurus\\v_pengurus.php', 44)
 2 SYSTEMPATH\View\View.php(226): include('C:\\Users\\lenovo\\OneDrive\\Desktop\\Sistem-Informasi-DMasjid\\app\\Views\\pengurus\\v_pengurus.php')
 3 SYSTEMPATH\View\View.php(229): CodeIgniter\View\View->CodeIgniter\View\{closure}()
 4 SYSTEMPATH\Common.php(1188): CodeIgniter\View\View->render('pengurus/v_pengurus', [], true)
 5 APPPATH\Controllers\Pengurus.php(13): view('pengurus/v_pengurus')
 6 SYSTEMPATH\CodeIgniter.php(919): App\Controllers\Pengurus->index()
 7 SYSTEMPATH\CodeIgniter.php(494): CodeIgniter\CodeIgniter->runController(Object(App\Controllers\Pengurus))
 8 SYSTEMPATH\CodeIgniter.php(353): CodeIgniter\CodeIgniter->handleRequest(null, Object(Config\Cache), false)
 9 FCPATH\index.php(79): CodeIgniter\CodeIgniter->run()
10 SYSTEMPATH\Commands\Server\rewrite.php(47): require_once('C:\\Users\\lenovo\\OneDrive\\Desktop\\Sistem-Informasi-DMasjid\\public\\index.php')
CRITICAL - 2023-11-15 07:07:20 --> Undefined variable $Pengurus
in APPPATH\Views\pengurus\v_pengurus.php on line 44.
 1 APPPATH\Views\pengurus\v_pengurus.php(44): CodeIgniter\Debug\Exceptions->errorHandler(2, 'Undefined variable $Pengurus', 'C:\\Users\\lenovo\\OneDrive\\Desktop\\Sistem-Informasi-DMasjid\\app\\Views\\pengurus\\v_pengurus.php', 44)
 2 SYSTEMPATH\View\View.php(226): include('C:\\Users\\lenovo\\OneDrive\\Desktop\\Sistem-Informasi-DMasjid\\app\\Views\\pengurus\\v_pengurus.php')
 3 SYSTEMPATH\View\View.php(229): CodeIgniter\View\View->CodeIgniter\View\{closure}()
 4 SYSTEMPATH\Common.php(1188): CodeIgniter\View\View->render('pengurus/v_pengurus', [], true)
 5 APPPATH\Controllers\Pengurus.php(13): view('pengurus/v_pengurus')
 6 SYSTEMPATH\CodeIgniter.php(919): App\Controllers\Pengurus->index()
 7 SYSTEMPATH\CodeIgniter.php(494): CodeIgniter\CodeIgniter->runController(Object(App\Controllers\Pengurus))
 8 SYSTEMPATH\CodeIgniter.php(353): CodeIgniter\CodeIgniter->handleRequest(null, Object(Config\Cache), false)
 9 FCPATH\index.php(79): CodeIgniter\CodeIgniter->run()
10 SYSTEMPATH\Commands\Server\rewrite.php(47): require_once('C:\\Users\\lenovo\\OneDrive\\Desktop\\Sistem-Informasi-DMasjid\\public\\index.php')
CRITICAL - 2023-11-15 07:11:53 --> Undefined variable $pengurus
in APPPATH\Views\pengurus\v_pengurus.php on line 44.
 1 APPPATH\Views\pengurus\v_pengurus.php(44): CodeIgniter\Debug\Exceptions->errorHandler(2, 'Undefined variable $pengurus', 'C:\\Users\\lenovo\\OneDrive\\Desktop\\Sistem-Informasi-DMasjid\\app\\Views\\pengurus\\v_pengurus.php', 44)
 2 SYSTEMPATH\View\View.php(226): include('C:\\Users\\lenovo\\OneDrive\\Desktop\\Sistem-Informasi-DMasjid\\app\\Views\\pengurus\\v_pengurus.php')
 3 SYSTEMPATH\View\View.php(229): CodeIgniter\View\View->CodeIgniter\View\{closure}()
 4 SYSTEMPATH\Common.php(1188): CodeIgniter\View\View->render('pengurus/v_pengurus', [], true)
 5 APPPATH\Controllers\Pengurus.php(13): view('pengurus/v_pengurus')
 6 SYSTEMPATH\CodeIgniter.php(919): App\Controllers\Pengurus->index()
 7 SYSTEMPATH\CodeIgniter.php(494): CodeIgniter\CodeIgniter->runController(Object(App\Controllers\Pengurus))
 8 SYSTEMPATH\CodeIgniter.php(353): CodeIgniter\CodeIgniter->handleRequest(null, Object(Config\Cache), false)
 9 FCPATH\index.php(79): CodeIgniter\CodeIgniter->run()
10 SYSTEMPATH\Commands\Server\rewrite.php(47): require_once('C:\\Users\\lenovo\\OneDrive\\Desktop\\Sistem-Informasi-DMasjid\\public\\index.php')
CRITICAL - 2023-11-15 07:11:54 --> Undefined variable $pengurus
in APPPATH\Views\pengurus\v_pengurus.php on line 44.
 1 APPPATH\Views\pengurus\v_pengurus.php(44): CodeIgniter\Debug\Exceptions->errorHandler(2, 'Undefined variable $pengurus', 'C:\\Users\\lenovo\\OneDrive\\Desktop\\Sistem-Informasi-DMasjid\\app\\Views\\pengurus\\v_pengurus.php', 44)
 2 SYSTEMPATH\View\View.php(226): include('C:\\Users\\lenovo\\OneDrive\\Desktop\\Sistem-Informasi-DMasjid\\app\\Views\\pengurus\\v_pengurus.php')
 3 SYSTEMPATH\View\View.php(229): CodeIgniter\View\View->CodeIgniter\View\{closure}()
 4 SYSTEMPATH\Common.php(1188): CodeIgniter\View\View->render('pengurus/v_pengurus', [], true)
 5 APPPATH\Controllers\Pengurus.php(13): view('pengurus/v_pengurus')
 6 SYSTEMPATH\CodeIgniter.php(919): App\Controllers\Pengurus->index()
 7 SYSTEMPATH\CodeIgniter.php(494): CodeIgniter\CodeIgniter->runController(Object(App\Controllers\Pengurus))
 8 SYSTEMPATH\CodeIgniter.php(353): CodeIgniter\CodeIgniter->handleRequest(null, Object(Config\Cache), false)
 9 FCPATH\index.php(79): CodeIgniter\CodeIgniter->run()
10 SYSTEMPATH\Commands\Server\rewrite.php(47): require_once('C:\\Users\\lenovo\\OneDrive\\Desktop\\Sistem-Informasi-DMasjid\\public\\index.php')
CRITICAL - 2023-11-15 07:14:59 --> Undefined variable $pengurus
in APPPATH\Views\pengurus\v_pengurus.php on line 44.
 1 APPPATH\Views\pengurus\v_pengurus.php(44): CodeIgniter\Debug\Exceptions->errorHandler(2, 'Undefined variable $pengurus', 'C:\\Users\\lenovo\\OneDrive\\Desktop\\Sistem-Informasi-DMasjid\\app\\Views\\pengurus\\v_pengurus.php', 44)
 2 SYSTEMPATH\View\View.php(226): include('C:\\Users\\lenovo\\OneDrive\\Desktop\\Sistem-Informasi-DMasjid\\app\\Views\\pengurus\\v_pengurus.php')
 3 SYSTEMPATH\View\View.php(229): CodeIgniter\View\View->CodeIgniter\View\{closure}()
 4 SYSTEMPATH\Common.php(1188): CodeIgniter\View\View->render('pengurus/v_pengurus', [], true)
 5 APPPATH\Controllers\Pengurus.php(13): view('pengurus/v_pengurus')
 6 SYSTEMPATH\CodeIgniter.php(919): App\Controllers\Pengurus->index()
 7 SYSTEMPATH\CodeIgniter.php(494): CodeIgniter\CodeIgniter->runController(Object(App\Controllers\Pengurus))
 8 SYSTEMPATH\CodeIgniter.php(353): CodeIgniter\CodeIgniter->handleRequest(null, Object(Config\Cache), false)
 9 FCPATH\index.php(79): CodeIgniter\CodeIgniter->run()
10 SYSTEMPATH\Commands\Server\rewrite.php(47): require_once('C:\\Users\\lenovo\\OneDrive\\Desktop\\Sistem-Informasi-DMasjid\\public\\index.php')
CRITICAL - 2023-11-15 08:11:25 --> Undefined variable $pengurus
in APPPATH\Views\user\v_user.php on line 51.
 1 APPPATH\Views\user\v_user.php(51): CodeIgniter\Debug\Exceptions->errorHandler(2, 'Undefined variable $pengurus', 'C:\\Users\\lenovo\\OneDrive\\Desktop\\Sistem-Informasi-DMasjid\\app\\Views\\user\\v_user.php', 51)
 2 SYSTEMPATH\View\View.php(226): include('C:\\Users\\lenovo\\OneDrive\\Desktop\\Sistem-Informasi-DMasjid\\app\\Views\\user\\v_user.php')
 3 SYSTEMPATH\View\View.php(229): CodeIgniter\View\View->CodeIgniter\View\{closure}()
 4 SYSTEMPATH\Common.php(1188): CodeIgniter\View\View->render('user/v_user', [], true)
 5 APPPATH\Controllers\User.php(13): view('user/v_user', [...])
 6 SYSTEMPATH\CodeIgniter.php(919): App\Controllers\User->index()
 7 SYSTEMPATH\CodeIgniter.php(494): CodeIgniter\CodeIgniter->runController(Object(App\Controllers\User))
 8 SYSTEMPATH\CodeIgniter.php(353): CodeIgniter\CodeIgniter->handleRequest(null, Object(Config\Cache), false)
 9 FCPATH\index.php(79): CodeIgniter\CodeIgniter->run()
10 SYSTEMPATH\Commands\Server\rewrite.php(47): require_once('C:\\Users\\lenovo\\OneDrive\\Desktop\\Sistem-Informasi-DMasjid\\public\\index.php')
