CRITICAL - 2023-11-08 05:25:09 --> Call to undefined method CodeIgniter\View\View::extends()
in APPPATH\Views\layout\beranda.php on line 11.
 1 SYSTEMPATH\View\View.php(226): include()
 2 SYSTEMPATH\View\View.php(229): CodeIgniter\View\View->CodeIgniter\View\{closure}()
 3 SYSTEMPATH\Common.php(1188): CodeIgniter\View\View->render('layout/beranda', [], true)
 4 APPPATH\Controllers\Layout.php(9): view('layout/beranda')
 5 SYSTEMPATH\CodeIgniter.php(919): App\Controllers\Layout->index()
 6 SYSTEMPATH\CodeIgniter.php(494): CodeIgniter\CodeIgniter->runController(Object(App\Controllers\Layout))
 7 SYSTEMPATH\CodeIgniter.php(353): CodeIgniter\CodeIgniter->handleRequest(null, Object(Config\Cache), false)
 8 FCPATH\index.php(79): CodeIgniter\CodeIgniter->run()
 9 SYSTEMPATH\Commands\Server\rewrite.php(47): require_once('C:\\Users\\lenovo\\OneDrive\\Desktop\\Sistem-Informasi-RS\\public\\index.php')
CRITICAL - 2023-11-08 05:38:34 --> Call to undefined method CodeIgniter\View\View::extends()
in APPPATH\Views\layout\beranda.php on line 1.
 1 SYSTEMPATH\View\View.php(226): include()
 2 SYSTEMPATH\View\View.php(229): CodeIgniter\View\View->CodeIgniter\View\{closure}()
 3 SYSTEMPATH\Common.php(1188): CodeIgniter\View\View->render('layout/beranda', [], true)
 4 APPPATH\Controllers\Layout.php(9): view('layout/beranda')
 5 SYSTEMPATH\CodeIgniter.php(919): App\Controllers\Layout->index()
 6 SYSTEMPATH\CodeIgniter.php(494): CodeIgniter\CodeIgniter->runController(Object(App\Controllers\Layout))
 7 SYSTEMPATH\CodeIgniter.php(353): CodeIgniter\CodeIgniter->handleRequest(null, Object(Config\Cache), false)
 8 FCPATH\index.php(79): CodeIgniter\CodeIgniter->run()
 9 SYSTEMPATH\Commands\Server\rewrite.php(47): require_once('C:\\Users\\lenovo\\OneDrive\\Desktop\\Sistem-Informasi-RS\\public\\index.php')
